# JRE version: OpenJDK Runtime Environment (11.0.4+11) (build 11.0.4+11-post-Ubuntu-1ubuntu218.04.3)
# Java VM: OpenJDK 64-Bit Server VM (11.0.4+11-post-Ubuntu-1ubuntu218.04.3, mixed mode, sharing, tiered, compressed oops, g1 gc, linux-amd64)
Heap:
 garbage-first heap   total 79872K, used 32272K [0x00000000e0000000, 0x0000000100000000)
  region size 1024K, 1 young (1024K), 1 survivors (1024K)
 Metaspace       used 42355K, capacity 43068K, committed 44076K, reserved 292864K
  class space    used 5852K, capacity 6074K, committed 6272K, reserved 253952K
GC Heap History (10 events):
Event: 11,980 GC heap after
{Heap after GC invocations=14 (full 0):
 garbage-first heap   total 65536K, used 26805K [0x00000000e0000000, 0x0000000100000000)
  region size 1024K, 4 young (4096K), 4 survivors (4096K)
 Metaspace       used 33339K, capacity 34070K, committed 34688K, reserved 284672K
  class space    used 4731K, capacity 4970K, committed 4992K, reserved 253952K
}
Event: 12,313 GC heap before
{Heap before GC invocations=14 (full 0):
 garbage-first heap   total 65536K, used 39093K [0x00000000e0000000, 0x0000000100000000)
  region size 1024K, 17 young (17408K), 4 survivors (4096K)
 Metaspace       used 34495K, capacity 35147K, committed 35628K, reserved 284672K
  class space    used 4902K, capacity 5136K, committed 5248K, reserved 253952K
}
Event: 12,332 GC heap after
{Heap after GC invocations=15 (full 0):
 garbage-first heap   total 65536K, used 27851K [0x00000000e0000000, 0x0000000100000000)
  region size 1024K, 3 young (3072K), 3 survivors (3072K)
 Metaspace       used 34495K, capacity 35147K, committed 35628K, reserved 284672K
  class space    used 4902K, capacity 5136K, committed 5248K, reserved 253952K
}
Event: 13,162 GC heap before
{Heap before GC invocations=16 (full 0):
 garbage-first heap   total 65536K, used 47307K [0x00000000e0000000, 0x0000000100000000)
  region size 1024K, 23 young (23552K), 3 survivors (3072K)
 Metaspace       used 41300K, capacity 42177K, committed 42668K, reserved 290816K
  class space    used 5760K, capacity 6054K, committed 6144K, reserved 253952K
}
Event: 13,183 GC heap after
{Heap after GC invocations=17 (full 0):
 garbage-first heap   total 65536K, used 31267K [0x00000000e0000000, 0x0000000100000000)
  region size 1024K, 3 young (3072K), 3 survivors (3072K)
 Metaspace       used 41300K, capacity 42177K, committed 42668K, reserved 290816K
  class space    used 5760K, capacity 6054K, committed 6144K, reserved 253952K
}
Event: 965,550 GC heap before
{Heap before GC invocations=18 (full 0):
 garbage-first heap   total 65536K, used 48675K [0x00000000e0000000, 0x0000000100000000)
  region size 1024K, 21 young (21504K), 3 survivors (3072K)
 Metaspace       used 42631K, capacity 43531K, committed 44076K, reserved 292864K
  class space    used 5918K, capacity 6198K, committed 6272K, reserved 253952K
}
Event: 972,775 GC heap after
{Heap after GC invocations=19 (full 0):
 garbage-first heap   total 65536K, used 32108K [0x00000000e0000000, 0x0000000100000000)
  region size 1024K, 1 young (1024K), 1 survivors (1024K)
 Metaspace       used 42631K, capacity 43531K, committed 44076K, reserved 292864K
  class space    used 5918K, capacity 6198K, committed 6272K, reserved 253952K
}
Event: 1103,230 GC heap before
{Heap before GC invocations=19 (full 0):
 garbage-first heap   total 65536K, used 34156K [0x00000000e0000000, 0x0000000100000000)
  region size 1024K, 3 young (3072K), 1 survivors (1024K)
 Metaspace       used 42640K, capacity 43531K, committed 44076K, reserved 292864K
  class space    used 5918K, capacity 6198K, committed 6272K, reserved 253952K
}
Event: 1106,546 GC heap after
{Heap after GC invocations=20 (full 0):
 garbage-first heap   total 65536K, used 32435K [0x00000000e0000000, 0x0000000100000000)
  region size 1024K, 1 young (1024K), 1 survivors (1024K)
 Metaspace       used 42640K, capacity 43531K, committed 44076K, reserved 292864K
  class space    used 5918K, capacity 6198K, committed 6272K, reserved 253952K
}
Event: 1263,841 GC heap before
{Heap before GC invocations=21 (full 0):
 garbage-first heap   total 65536K, used 34483K [0x00000000e0000000, 0x0000000100000000)
  region size 1024K, 3 young (3072K), 1 survivors (1024K)
 Metaspace       used 42355K, capacity 43068K, committed 44076K, reserved 292864K
  class space    used 5852K, capacity 6074K, committed 6272K, reserved 253952K
}

